<?xml version="1.0" encoding="UTF-8" ?>
<testsuite tests="2" failures="1" name="dk.sdu.mmmi.cbse.asteroidsnetbeansmodules.ApplicationTest" time="20.096" errors="1" skipped="0">
  <properties>
    <property name="java.runtime.name" value="Java(TM) SE Runtime Environment"/>
    <property name="sun.boot.library.path" value="C:\Program Files\Java\jdk1.8.0_141\jre\bin"/>
    <property name="java.vm.version" value="25.141-b15"/>
    <property name="java.vm.vendor" value="Oracle Corporation"/>
    <property name="maven.multiModuleProjectDirectory" value="C:\Users\Kim\Documents\GitHub\SB4-KOM-F19\AsteroidsNetbeansModules"/>
    <property name="java.vendor.url" value="http://java.oracle.com/"/>
    <property name="path.separator" value=";"/>
    <property name="guice.disable.misplaced.annotation.check" value="true"/>
    <property name="java.vm.name" value="Java HotSpot(TM) 64-Bit Server VM"/>
    <property name="file.encoding.pkg" value="sun.io"/>
    <property name="user.script" value=""/>
    <property name="user.country" value="DK"/>
    <property name="sun.java.launcher" value="SUN_STANDARD"/>
    <property name="sun.os.patch.level" value=""/>
    <property name="java.vm.specification.name" value="Java Virtual Machine Specification"/>
    <property name="user.dir" value="C:\Users\Kim\Documents\GitHub\SB4-KOM-F19\AsteroidsNetbeansModules"/>
    <property name="java.runtime.version" value="1.8.0_141-b15"/>
    <property name="java.awt.graphicsenv" value="sun.awt.Win32GraphicsEnvironment"/>
    <property name="java.endorsed.dirs" value="C:\Program Files\Java\jdk1.8.0_141\jre\lib\endorsed"/>
    <property name="os.arch" value="amd64"/>
    <property name="java.io.tmpdir" value="C:\Users\Kim\AppData\Local\Temp\"/>
    <property name="line.separator" value="
"/>
    <property name="java.vm.specification.vendor" value="Oracle Corporation"/>
    <property name="user.variant" value=""/>
    <property name="os.name" value="Windows 10"/>
    <property name="maven.ext.class.path" value="C:\Program Files\NetBeans 8.2\java\maven-nblib\netbeans-eventspy.jar"/>
    <property name="classworlds.conf" value="C:\Users\Kim\Desktop\apache-maven-3.6.0\bin\..\bin\m2.conf"/>
    <property name="sun.jnu.encoding" value="Cp1252"/>
    <property name="java.library.path" value="C:\Program Files\Java\jdk1.8.0_141\bin;C:\WINDOWS\Sun\Java\bin;C:\WINDOWS\system32;C:\WINDOWS;C:\Program Files (x86)\Python37-32\Scripts\;C:\Program Files (x86)\Python37-32\;C:\Program Files (x86)\Common Files\Oracle\Java\javapath;C:\ProgramData\Oracle\Java\javapath;C:\Windows\system32;C:\Windows;C:\Windows\System32\Wbem;C:\Windows\System32\WindowsPowerShell\v1.0\;C:\Program Files (x86)\NVIDIA Corporation\PhysX\Common;C:\WINDOWS\system32;C:\WINDOWS;C:\WINDOWS\System32\Wbem;C:\WINDOWS\System32\WindowsPowerShell\v1.0\;C:\Program Files\Microsoft SQL Server\Client SDK\ODBC\110\Tools\Binn\;C:\Program Files (x86)\Microsoft SQL Server\120\Tools\Binn\;C:\Program Files\Microsoft SQL Server\120\Tools\Binn\;C:\Program Files\Microsoft SQL Server\120\DTS\Binn\;C:\Program Files (x86)\Windows Kits\8.1\Windows Performance Toolkit\;C:\Program Files (x86)\Skype\Phone\;C:\Program Files\Microsoft SQL Server\130\Tools\Binn\;C:\Program Files (x86)\GtkSharp\2.12\bin;C:\Program Files\dotnet\;C:\WINDOWS\System32\OpenSSH\;C:\Program Files (x86)\Gpg4win\..\GnuPG\bin;C:\Users\Kim\AppData\Local\Microsoft\WindowsApps;C:\Users\Kim\AppData\Local\GitHubDesktop\bin;C:\Users\Kim\AppData\Local\Microsoft\WindowsApps;C:\Users\Kim\AppData\Local\Keybase\;."/>
    <property name="maven.conf" value="C:\Users\Kim\Desktop\apache-maven-3.6.0\bin\../conf"/>
    <property name="java.specification.name" value="Java Platform API Specification"/>
    <property name="java.class.version" value="52.0"/>
    <property name="sun.management.compiler" value="HotSpot 64-Bit Tiered Compilers"/>
    <property name="os.version" value="10.0"/>
    <property name="library.jansi.path" value="C:\Users\Kim\Desktop\apache-maven-3.6.0\bin\..\lib\jansi-native"/>
    <property name="user.home" value="C:\Users\Kim"/>
    <property name="user.timezone" value="Europe/Paris"/>
    <property name="java.awt.printerjob" value="sun.awt.windows.WPrinterJob"/>
    <property name="java.specification.version" value="1.8"/>
    <property name="file.encoding" value="UTF-8"/>
    <property name="user.name" value="Kim"/>
    <property name="java.class.path" value="C:\Users\Kim\Desktop\apache-maven-3.6.0\bin\..\boot\plexus-classworlds-2.5.2.jar"/>
    <property name="java.vm.specification.version" value="1.8"/>
    <property name="sun.arch.data.model" value="64"/>
    <property name="java.home" value="C:\Program Files\Java\jdk1.8.0_141\jre"/>
    <property name="sun.java.command" value="org.codehaus.plexus.classworlds.launcher.Launcher -Dmaven.ext.class.path=C:\Program Files\NetBeans 8.2\java\maven-nblib\netbeans-eventspy.jar -Dfile.encoding=UTF-8 clean install"/>
    <property name="java.specification.vendor" value="Oracle Corporation"/>
    <property name="user.language" value="da"/>
    <property name="awt.toolkit" value="sun.awt.windows.WToolkit"/>
    <property name="java.vm.info" value="mixed mode"/>
    <property name="java.version" value="1.8.0_141"/>
    <property name="java.ext.dirs" value="C:\Program Files\Java\jdk1.8.0_141\jre\lib\ext;C:\WINDOWS\Sun\Java\lib\ext"/>
    <property name="sun.boot.class.path" value="C:\Program Files\Java\jdk1.8.0_141\jre\lib\resources.jar;C:\Program Files\Java\jdk1.8.0_141\jre\lib\rt.jar;C:\Program Files\Java\jdk1.8.0_141\jre\lib\sunrsasign.jar;C:\Program Files\Java\jdk1.8.0_141\jre\lib\jsse.jar;C:\Program Files\Java\jdk1.8.0_141\jre\lib\jce.jar;C:\Program Files\Java\jdk1.8.0_141\jre\lib\charsets.jar;C:\Program Files\Java\jdk1.8.0_141\jre\lib\jfr.jar;C:\Program Files\Java\jdk1.8.0_141\jre\classes"/>
    <property name="java.vendor" value="Oracle Corporation"/>
    <property name="maven.home" value="C:\Users\Kim\Desktop\apache-maven-3.6.0\bin\.."/>
    <property name="file.separator" value="\"/>
    <property name="java.vendor.url.bug" value="http://bugreport.sun.com/bugreport/"/>
    <property name="sun.cpu.endian" value="little"/>
    <property name="sun.io.unicode.encoding" value="UnicodeLittle"/>
    <property name="sun.desktop" value="windows"/>
    <property name="sun.cpu.isalist" value="amd64"/>
  </properties>
  <testcase classname="dk.sdu.mmmi.cbse.asteroidsnetbeansmodules.ApplicationTest" name="testApplication" time="10.037">
    <error message="\Users\corfixen\Workspaces\GitHub\SB4-KOM\AsteroidsNetbeansModules\AsteroidsNetbeansModules\application\src\test\resources\enemy\updates.xml" type="java.nio.file.NoSuchFileException">java.nio.file.NoSuchFileException: \Users\corfixen\Workspaces\GitHub\SB4-KOM\AsteroidsNetbeansModules\AsteroidsNetbeansModules\application\src\test\resources\enemy\updates.xml
	at sun.nio.fs.WindowsException.translateToIOException(WindowsException.java:79)
	at sun.nio.fs.WindowsException.rethrowAsIOException(WindowsException.java:97)
	at sun.nio.fs.WindowsException.rethrowAsIOException(WindowsException.java:102)
	at sun.nio.fs.WindowsFileCopy.copy(WindowsFileCopy.java:99)
	at sun.nio.fs.WindowsFileSystemProvider.copy(WindowsFileSystemProvider.java:278)
	at java.nio.file.Files.copy(Files.java:1274)
	at dk.sdu.mmmi.cbse.asteroidsnetbeansmodules.ApplicationTest.testApplication(ApplicationTest.java:52)
	at sun.reflect.NativeMethodAccessorImpl.invoke0(Native Method)
	at sun.reflect.NativeMethodAccessorImpl.invoke(NativeMethodAccessorImpl.java:62)
	at sun.reflect.DelegatingMethodAccessorImpl.invoke(DelegatingMethodAccessorImpl.java:43)
	at java.lang.reflect.Method.invoke(Method.java:498)
	at junit.framework.TestCase.runTest(TestCase.java:176)
	at org.netbeans.junit.NbTestCase.access$200(NbTestCase.java:102)
	at org.netbeans.junit.NbTestCase$2.doSomething(NbTestCase.java:478)
	at org.netbeans.junit.NbTestCase$1Guard.run(NbTestCase.java:404)
	at org.netbeans.junit.NbTestCase.runBare(NbTestCase.java:497)
	at junit.framework.TestResult$1.protect(TestResult.java:122)
	at junit.framework.TestResult.runProtected(TestResult.java:142)
	at junit.framework.TestResult.run(TestResult.java:125)
	at junit.framework.TestCase.run(TestCase.java:129)
	at org.netbeans.junit.NbTestCase.run(NbTestCase.java:293)
	at junit.framework.TestSuite.runTest(TestSuite.java:252)
	at org.netbeans.junit.NbModuleSuite$NbTestSuiteLogCheck.runTest(NbModuleSuite.java:1618)
	at junit.framework.TestSuite.run(TestSuite.java:247)
	at junit.framework.TestSuite.runTest(TestSuite.java:252)
	at junit.framework.TestSuite.run(TestSuite.java:247)
	at org.netbeans.junit.NbModuleSuite$S.runInRuntimeContainer(NbModuleSuite.java:949)
	at org.netbeans.junit.NbModuleSuite$S.access$100(NbModuleSuite.java:670)
	at org.netbeans.junit.NbModuleSuite$S$1.protect(NbModuleSuite.java:691)
	at junit.framework.TestResult.runProtected(TestResult.java:142)
	at org.netbeans.junit.NbModuleSuite$S.run(NbModuleSuite.java:687)
	at org.junit.internal.runners.JUnit38ClassRunner.run(JUnit38ClassRunner.java:86)
	at org.apache.maven.surefire.junit4.JUnit4Provider.execute(JUnit4Provider.java:252)
	at org.apache.maven.surefire.junit4.JUnit4Provider.executeTestSet(JUnit4Provider.java:141)
	at org.apache.maven.surefire.junit4.JUnit4Provider.invoke(JUnit4Provider.java:112)
	at sun.reflect.NativeMethodAccessorImpl.invoke0(Native Method)
	at sun.reflect.NativeMethodAccessorImpl.invoke(NativeMethodAccessorImpl.java:62)
	at sun.reflect.DelegatingMethodAccessorImpl.invoke(DelegatingMethodAccessorImpl.java:43)
	at java.lang.reflect.Method.invoke(Method.java:498)
	at org.apache.maven.surefire.util.ReflectionUtils.invokeMethodWithArray(ReflectionUtils.java:189)
	at org.apache.maven.surefire.booter.ProviderFactory$ProviderProxy.invoke(ProviderFactory.java:165)
	at org.apache.maven.surefire.booter.ProviderFactory.invokeProvider(ProviderFactory.java:85)
	at org.apache.maven.surefire.booter.ForkedBooter.runSuitesInProcess(ForkedBooter.java:113)
	at org.apache.maven.surefire.booter.ForkedBooter.main(ForkedBooter.java:75)
</error>
    <system-err>System class loader patches: C:\Users\Kim\Documents\GitHub\SB4-KOM-F19\AsteroidsNetbeansModules\application\target\test-classes
-------------------------------------------------------------------------------
&gt;Log Session: Wednesday, March 13, 2019 7:32:30 PM CET
&gt;System Info: 
  Product Version         = NetBeans Platform 8.2 (Build 201609300101)
  Operating System        = Windows 10 version 10.0 running on amd64
  Java; VM; Vendor        = 1.8.0_141; Java HotSpot(TM) 64-Bit Server VM 25.141-b15; Oracle Corporation
  Runtime                 = Java(TM) SE Runtime Environment 1.8.0_141-b15
  Java Home               = C:\Program Files\Java\jdk1.8.0_141\jre
  System Locale; Encoding = da_DK (asteroidsnetbeansmodules); UTF-8
  Home Directory          = C:\Users\Kim
  Current Directory       = C:\Users\Kim\Documents\GitHub\SB4-KOM-F19\AsteroidsNetbeansModules\application
  User Directory          = C:\Users\Kim\AppData\Local\Temp\tests-Kim\userdir0
  Cache Directory         = C:\Users\Kim\AppData\Local\Temp\tests-Kim\userdir0\var\cache
  Installation            = C:\Users\Kim\Documents\GitHub\SB4-KOM-F19\AsteroidsNetbeansModules\application\target\asteroidsnetbeansmodules\asteroidsnetbeansmodules
                            C:\Users\Kim\Documents\GitHub\SB4-KOM-F19\AsteroidsNetbeansModules\application\target\asteroidsnetbeansmodules\platform
  Boot &amp; Ext. Classpath   = C:\Program Files\Java\jdk1.8.0_141\jre\lib\resources.jar;C:\Program Files\Java\jdk1.8.0_141\jre\lib\rt.jar;C:\Program Files\Java\jdk1.8.0_141\jre\lib\sunrsasign.jar;C:\Program Files\Java\jdk1.8.0_141\jre\lib\jsse.jar;C:\Program Files\Java\jdk1.8.0_141\jre\lib\jce.jar;C:\Program Files\Java\jdk1.8.0_141\jre\lib\charsets.jar;C:\Program Files\Java\jdk1.8.0_141\jre\lib\jfr.jar;C:\Program Files\Java\jdk1.8.0_141\jre\classes;C:\Program Files\Java\jdk1.8.0_141\jre\lib\ext\access-bridge-64.jar;C:\Program Files\Java\jdk1.8.0_141\jre\lib\ext\cldrdata.jar;C:\Program Files\Java\jdk1.8.0_141\jre\lib\ext\dnsns.jar;C:\Program Files\Java\jdk1.8.0_141\jre\lib\ext\jaccess.jar;C:\Program Files\Java\jdk1.8.0_141\jre\lib\ext\jfxrt.jar;C:\Program Files\Java\jdk1.8.0_141\jre\lib\ext\localedata.jar;C:\Program Files\Java\jdk1.8.0_141\jre\lib\ext\nashorn.jar;C:\Program Files\Java\jdk1.8.0_141\jre\lib\ext\sunec.jar;C:\Program Files\Java\jdk1.8.0_141\jre\lib\ext\sunjce_provider.jar;C:\Program Files\Java\jdk1.8.0_141\jre\lib\ext\sunmscapi.jar;C:\Program Files\Java\jdk1.8.0_141\jre\lib\ext\sunpkcs11.jar;C:\Program Files\Java\jdk1.8.0_141\jre\lib\ext\zipfs.jar
  Application Classpath   = loaded by URLClassLoader file:/C:/Users/Kim/Documents/GitHub/SB4-KOM-F19/AsteroidsNetbeansModules/application/target/asteroidsnetbeansmodules/platform/lib/boot.jar file:/C:/Users/Kim/Documents/GitHub/SB4-KOM-F19/AsteroidsNetbeansModules/application/target/asteroidsnetbeansmodules/platform/lib/org-openide-modules.jar file:/C:/Users/Kim/Documents/GitHub/SB4-KOM-F19/AsteroidsNetbeansModules/application/target/asteroidsnetbeansmodules/platform/lib/org-openide-util-lookup.jar file:/C:/Users/Kim/Documents/GitHub/SB4-KOM-F19/AsteroidsNetbeansModules/application/target/asteroidsnetbeansmodules/platform/lib/org-openide-util-ui.jar file:/C:/Users/Kim/Documents/GitHub/SB4-KOM-F19/AsteroidsNetbeansModules/application/target/asteroidsnetbeansmodules/platform/lib/org-openide-util.jar file:/C:/Program%20Files/Java/jdk1.8.0_141/lib/ant-javafx.jar file:/C:/Program%20Files/Java/jdk1.8.0_141/lib/dt.jar file:/C:/Program%20Files/Java/jdk1.8.0_141/lib/javafx-mx.jar file:/C:/Program%20Files/Java/jdk1.8.0_141/lib/jconsole.jar file:/C:/Program%20Files/Java/jdk1.8.0_141/lib/packager.jar file:/C:/Program%20Files/Java/jdk1.8.0_141/lib/sa-jdi.jar file:/C:/Program%20Files/Java/jdk1.8.0_141/lib/tools.jar
  Startup Classpath       = C:\Users\Kim\Documents\GitHub\SB4-KOM-F19\AsteroidsNetbeansModules\application\target\asteroidsnetbeansmodules\platform\core\asm-all-5.0.1.jar;C:\Users\Kim\Documents\GitHub\SB4-KOM-F19\AsteroidsNetbeansModules\application\target\asteroidsnetbeansmodules\platform\core\core-base.jar;C:\Users\Kim\Documents\GitHub\SB4-KOM-F19\AsteroidsNetbeansModules\application\target\asteroidsnetbeansmodules\platform\core\core.jar;C:\Users\Kim\Documents\GitHub\SB4-KOM-F19\AsteroidsNetbeansModules\application\target\asteroidsnetbeansmodules\platform\core\org-netbeans-libs-asm.jar;C:\Users\Kim\Documents\GitHub\SB4-KOM-F19\AsteroidsNetbeansModules\application\target\asteroidsnetbeansmodules\platform\core\org-openide-filesystems.jar;C:\Users\Kim\Documents\GitHub\SB4-KOM-F19\AsteroidsNetbeansModules\application\target\asteroidsnetbeansmodules\platform\core\locale\core-base_ja.jar;C:\Users\Kim\Documents\GitHub\SB4-KOM-F19\AsteroidsNetbeansModules\application\target\asteroidsnetbeansmodules\platform\core\locale\core-base_pt_BR.jar;C:\Users\Kim\Documents\GitHub\SB4-KOM-F19\AsteroidsNetbeansModules\application\target\asteroidsnetbeansmodules\platform\core\locale\core-base_ru.jar;C:\Users\Kim\Documents\GitHub\SB4-KOM-F19\AsteroidsNetbeansModules\application\target\asteroidsnetbeansmodules\platform\core\locale\core-base_zh_CN.jar;C:\Users\Kim\Documents\GitHub\SB4-KOM-F19\AsteroidsNetbeansModules\application\target\asteroidsnetbeansmodules\platform\core\locale\core_ja.jar;C:\Users\Kim\Documents\GitHub\SB4-KOM-F19\AsteroidsNetbeansModules\application\target\asteroidsnetbeansmodules\platform\core\locale\core_pt_BR.jar;C:\Users\Kim\Documents\GitHub\SB4-KOM-F19\AsteroidsNetbeansModules\application\target\asteroidsnetbeansmodules\platform\core\locale\core_ru.jar;C:\Users\Kim\Documents\GitHub\SB4-KOM-F19\AsteroidsNetbeansModules\application\target\asteroidsnetbeansmodules\platform\core\locale\core_zh_CN.jar;C:\Users\Kim\Documents\GitHub\SB4-KOM-F19\AsteroidsNetbeansModules\application\target\asteroidsnetbeansmodules\platform\core\locale\org-netbeans-libs-asm_ja.jar;C:\Users\Kim\Documents\GitHub\SB4-KOM-F19\AsteroidsNetbeansModules\application\target\asteroidsnetbeansmodules\platform\core\locale\org-netbeans-libs-asm_pt_BR.jar;C:\Users\Kim\Documents\GitHub\SB4-KOM-F19\AsteroidsNetbeansModules\application\target\asteroidsnetbeansmodules\platform\core\locale\org-netbeans-libs-asm_ru.jar;C:\Users\Kim\Documents\GitHub\SB4-KOM-F19\AsteroidsNetbeansModules\application\target\asteroidsnetbeansmodules\platform\core\locale\org-netbeans-libs-asm_zh_CN.jar;C:\Users\Kim\Documents\GitHub\SB4-KOM-F19\AsteroidsNetbeansModules\application\target\asteroidsnetbeansmodules\platform\core\locale\org-openide-filesystems_ja.jar;C:\Users\Kim\Documents\GitHub\SB4-KOM-F19\AsteroidsNetbeansModules\application\target\asteroidsnetbeansmodules\platform\core\locale\org-openide-filesystems_pt_BR.jar;C:\Users\Kim\Documents\GitHub\SB4-KOM-F19\AsteroidsNetbeansModules\application\target\asteroidsnetbeansmodules\platform\core\locale\org-openide-filesystems_ru.jar;C:\Users\Kim\Documents\GitHub\SB4-KOM-F19\AsteroidsNetbeansModules\application\target\asteroidsnetbeansmodules\platform\core\locale\org-openide-filesystems_zh_CN.jar
-------------------------------------------------------------------------------
INFO [org.netbeans.core.startup.NbEvents]: Turning on modules:
	org.openide.util.lookup [8.33.1 201609300101]
	org.openide.util [9.7.1 201609300101]
	org.openide.util.ui [9.6.1 201609300101]
	org.openide.modules [7.48.1 201609300101]
	org.netbeans.api.annotations.common/1 [1.27.1 201609300101]
	org.openide.filesystems [9.10.1 201609300101]
	org.netbeans.api.intent [1.2.1 201609300101]
	org.netbeans.api.io [1.3.1 201609300101]
	org.openide.io [1.49.1 201609300101]
	org.openide.awt [7.67.1 201609300101]
	org.netbeans.libs.asm [5.3.1 201609300101]
	org.netbeans.bootstrap/1 [2.76.1 201609300101]
	org.netbeans.core.startup.base [1.62.1.1 1 201609300101]
	org.netbeans.core.startup/1 [1.62.1.1 201609300101]
	org.netbeans.libs.osgi [1.21.1 201609300101]
	org.netbeans.core.netigso [1.31.1 201609300101]
	org.netbeans.modules.netbinox [1.41.1 201609300101]
	org.netbeans.api.progress/1 [1.47.1 201609300101]
	org.netbeans.api.progress.nb [1.47.1 201609300101]
	org.netbeans.modules.autoupdate.services [1.52.1 201609300101]
	dk.sdu.mmmi.cbse.SilentUpdate [1.0 1.0-20190313 201903131832]
	dk.sdu.mmmi.cbse.Common [1.0 1.0-20190313 201903131832]
INFO [org.netbeans.modules.autoupdate.updateprovider.DownloadListener]: Reading URL file:/Users/corfixen/netbeans_site/updates.xml failed (java.io.FileNotFoundException: \Users\corfixen\netbeans_site\updates.xml (Den angivne sti blev ikke fundet))
INFO [org.netbeans.modules.autoupdate.silentupdate]: A problem caught while refreshing Update Centers, cause: 
java.io.FileNotFoundException: \Users\corfixen\netbeans_site\updates.xml (Den angivne sti blev ikke fundet)
	at java.io.FileInputStream.open0(Native Method)
	at java.io.FileInputStream.open(FileInputStream.java:195)
	at java.io.FileInputStream.&lt;init&gt;(FileInputStream.java:138)
	at java.io.FileInputStream.&lt;init&gt;(FileInputStream.java:93)
	at sun.net.www.protocol.file.FileURLConnection.connect(FileURLConnection.java:90)
	at sun.net.www.protocol.file.FileURLConnection.getInputStream(FileURLConnection.java:188)
	at org.netbeans.modules.autoupdate.updateprovider.NetworkAccess$Task$2.call(NetworkAccess.java:180)
	at org.netbeans.modules.autoupdate.updateprovider.NetworkAccess$Task$2.call(NetworkAccess.java:150)
	at java.util.concurrent.FutureTask.run(FutureTask.java:266)
Caused: java.io.IOException: \Users\corfixen\netbeans_site\updates.xml (Den angivne sti blev ikke fundet)
	at org.netbeans.modules.autoupdate.updateprovider.DownloadListener.notifyException(DownloadListener.java:103)
	at org.netbeans.modules.autoupdate.updateprovider.AutoupdateCatalogCache.copy(AutoupdateCatalogCache.java:246)
	at org.netbeans.modules.autoupdate.updateprovider.AutoupdateCatalogCache.writeCatalogToCache(AutoupdateCatalogCache.java:99)
	at org.netbeans.modules.autoupdate.updateprovider.AutoupdateCatalogProvider.refresh(AutoupdateCatalogProvider.java:154)
	at org.netbeans.modules.autoupdate.services.UpdateUnitProviderImpl.refresh(UpdateUnitProviderImpl.java:180)
	at org.netbeans.api.autoupdate.UpdateUnitProvider.refresh(UpdateUnitProvider.java:196)
[catch] at org.netbeans.modules.autoupdate.silentupdate.UpdateHandler.refreshSilentUpdateProvider(UpdateHandler.java:236)
	at org.netbeans.modules.autoupdate.silentupdate.UpdateHandler.checkAndHandleUpdates(UpdateHandler.java:54)
	at org.netbeans.modules.autoupdate.silentupdate.UpdateActivator$1.run(UpdateActivator.java:28)
	at java.util.concurrent.Executors$RunnableAdapter.call(Executors.java:511)
	at java.util.concurrent.FutureTask.runAndReset(FutureTask.java:308)
	at java.util.concurrent.ScheduledThreadPoolExecutor$ScheduledFutureTask.access$301(ScheduledThreadPoolExecutor.java:180)
	at java.util.concurrent.ScheduledThreadPoolExecutor$ScheduledFutureTask.run(ScheduledThreadPoolExecutor.java:294)
	at java.util.concurrent.ThreadPoolExecutor.runWorker(ThreadPoolExecutor.java:1149)
	at java.util.concurrent.ThreadPoolExecutor$Worker.run(ThreadPoolExecutor.java:624)
	at java.lang.Thread.run(Thread.java:748)
INFO [org.netbeans.modules.autoupdate.silentupdate]: None for update/install/uninstall
</system-err>
  </testcase>
  <testcase classname="org.netbeans.junit.internal.NbModuleLogHandler$FailOnException" name="testNoWarningsReportedDuringExecution" time="10.059">
    <failure message="NbModuleSuite has been started with failOnMessage(WARNING) and failOnException(INFO). The following failures have been captured:
[org.netbeans.modules.autoupdate.silentupdate] THREAD: pool-1-thread-1 MSG: A problem caught while refreshing Update Centers, cause: 
java.io.IOException: \Users\corfixen\netbeans_site\updates.xml (Den angivne sti blev ikke fundet)
  org.netbeans.modules.autoupdate.updateprovider.DownloadListener.notifyException(DownloadListener.java:103)
  org.netbeans.modules.autoupdate.updateprovider.AutoupdateCatalogCache.copy(AutoupdateCatalogCache.java:246)
  org.netbeans.modules.autoupdate.updateprovider.AutoupdateCatalogCache.writeCatalogToCache(AutoupdateCatalogCache.java:99)
  org.netbeans.modules.autoupdate.updateprovider.AutoupdateCatalogProvider.refresh(AutoupdateCatalogProvider.java:154)
  org.netbeans.modules.autoupdate.services.UpdateUnitProviderImpl.refresh(UpdateUnitProviderImpl.java:180)
  org.netbeans.api.autoupdate.UpdateUnitProvider.refresh(UpdateUnitProvider.java:196)
  org.netbeans.modules.autoupdate.silentupdate.UpdateHandler.refreshSilentUpdateProvider(UpdateHandler.java:236)
  org.netbeans.modules.autoupdate.silentupdate.UpdateHandler.checkAndHandleUpdates(UpdateHandler.java:54)
  org.netbeans.modules.autoupdate.silentupdate.UpdateActivator$1.run(UpdateActivator.java:28)
  java.util.concurrent.Executors$RunnableAdapter.call(Executors.java:511)
  java.util.concurrent.FutureTask.runAndReset(FutureTask.java:308)
  java.util.concurrent.ScheduledThreadPoolExecutor$ScheduledFutureTask.access$301(ScheduledThreadPoolExecutor.java:180)
  java.util.concurrent.ScheduledThreadPoolExecutor$ScheduledFutureTask.run(ScheduledThreadPoolExecutor.java:294)
  java.util.concurrent.ThreadPoolExecutor.runWorker(ThreadPoolExecutor.java:1149)
  java.util.concurrent.ThreadPoolExecutor$Worker.run(ThreadPoolExecutor.java:624)
  java.lang.Thread.run(Thread.java:748)
Caused by: java.io.FileNotFoundException: \Users\corfixen\netbeans_site\updates.xml (Den angivne sti blev ikke fundet)
  java.io.FileInputStream.open0(Native Method)
  java.io.FileInputStream.open(FileInputStream.java:195)
  java.io.FileInputStream.&lt;init&gt;(FileInputStream.java:138)
  java.io.FileInputStream.&lt;init&gt;(FileInputStream.java:93)
  sun.net.www.protocol.file.FileURLConnection.connect(FileURLConnection.java:90)
  sun.net.www.protocol.file.FileURLConnection.getInputStream(FileURLConnection.java:188)
  org.netbeans.modules.autoupdate.updateprovider.NetworkAccess$Task$2.call(NetworkAccess.java:180)
  org.netbeans.modules.autoupdate.updateprovider.NetworkAccess$Task$2.call(NetworkAccess.java:150)
  java.util.concurrent.FutureTask.run(FutureTask.java:266)
  ... 3 more

[org.netbeans.modules.autoupdate.silentupdate] THREAD: pool-1-thread-1 MSG: A problem caught while refreshing Update Centers, cause: 
java.io.IOException: \Users\corfixen\netbeans_site\updates.xml (Den angivne sti blev ikke fundet)
  org.netbeans.modules.autoupdate.updateprovider.DownloadListener.notifyException(DownloadListener.java:103)
  org.netbeans.modules.autoupdate.updateprovider.AutoupdateCatalogCache.copy(AutoupdateCatalogCache.java:246)
  org.netbeans.modules.autoupdate.updateprovider.AutoupdateCatalogCache.writeCatalogToCache(AutoupdateCatalogCache.java:99)
  org.netbeans.modules.autoupdate.updateprovider.AutoupdateCatalogProvider.refresh(AutoupdateCatalogProvider.java:154)
  org.netbeans.modules.autoupdate.services.UpdateUnitProviderImpl.refresh(UpdateUnitProviderImpl.java:180)
  org.netbeans.api.autoupdate.UpdateUnitProvider.refresh(UpdateUnitProvider.java:196)
  org.netbeans.modules.autoupdate.silentupdate.UpdateHandler.refreshSilentUpdateProvider(UpdateHandler.java:236)
  org.netbeans.modules.autoupdate.silentupdate.UpdateHandler.checkAndHandleUpdates(UpdateHandler.java:54)
  org.netbeans.modules.autoupdate.silentupdate.UpdateActivator$1.run(UpdateActivator.java:28)
  java.util.concurrent.Executors$RunnableAdapter.call(Executors.java:511)
  java.util.concurrent.FutureTask.runAndReset(FutureTask.java:308)
  java.util.concurrent.ScheduledThreadPoolExecutor$ScheduledFutureTask.access$301(ScheduledThreadPoolExecutor.java:180)
  java.util.concurrent.ScheduledThreadPoolExecutor$ScheduledFutureTask.run(ScheduledThreadPoolExecutor.java:294)
  java.util.concurrent.ThreadPoolExecutor.runWorker(ThreadPoolExecutor.java:1149)
  java.util.concurrent.ThreadPoolExecutor$Worker.run(ThreadPoolExecutor.java:624)
  java.lang.Thread.run(Thread.java:748)
Caused by: java.io.FileNotFoundException: \Users\corfixen\netbeans_site\updates.xml (Den angivne sti blev ikke fundet)
  java.io.FileInputStream.open0(Native Method)
  java.io.FileInputStream.open(FileInputStream.java:195)
  java.io.FileInputStream.&lt;init&gt;(FileInputStream.java:138)
  java.io.FileInputStream.&lt;init&gt;(FileInputStream.java:93)
  sun.net.www.protocol.file.FileURLConnection.connect(FileURLConnection.java:90)
  sun.net.www.protocol.file.FileURLConnection.getInputStream(FileURLConnection.java:188)
  org.netbeans.modules.autoupdate.updateprovider.NetworkAccess$Task$2.call(NetworkAccess.java:180)
  org.netbeans.modules.autoupdate.updateprovider.NetworkAccess$Task$2.call(NetworkAccess.java:150)
  java.util.concurrent.FutureTask.run(FutureTask.java:266)
  ... 3 more

" type="junit.framework.AssertionFailedError">junit.framework.AssertionFailedError: NbModuleSuite has been started with failOnMessage(WARNING) and failOnException(INFO). The following failures have been captured:
[org.netbeans.modules.autoupdate.silentupdate] THREAD: pool-1-thread-1 MSG: A problem caught while refreshing Update Centers, cause: 
java.io.IOException: \Users\corfixen\netbeans_site\updates.xml (Den angivne sti blev ikke fundet)
  org.netbeans.modules.autoupdate.updateprovider.DownloadListener.notifyException(DownloadListener.java:103)
  org.netbeans.modules.autoupdate.updateprovider.AutoupdateCatalogCache.copy(AutoupdateCatalogCache.java:246)
  org.netbeans.modules.autoupdate.updateprovider.AutoupdateCatalogCache.writeCatalogToCache(AutoupdateCatalogCache.java:99)
  org.netbeans.modules.autoupdate.updateprovider.AutoupdateCatalogProvider.refresh(AutoupdateCatalogProvider.java:154)
  org.netbeans.modules.autoupdate.services.UpdateUnitProviderImpl.refresh(UpdateUnitProviderImpl.java:180)
  org.netbeans.api.autoupdate.UpdateUnitProvider.refresh(UpdateUnitProvider.java:196)
  org.netbeans.modules.autoupdate.silentupdate.UpdateHandler.refreshSilentUpdateProvider(UpdateHandler.java:236)
  org.netbeans.modules.autoupdate.silentupdate.UpdateHandler.checkAndHandleUpdates(UpdateHandler.java:54)
  org.netbeans.modules.autoupdate.silentupdate.UpdateActivator$1.run(UpdateActivator.java:28)
  java.util.concurrent.Executors$RunnableAdapter.call(Executors.java:511)
  java.util.concurrent.FutureTask.runAndReset(FutureTask.java:308)
  java.util.concurrent.ScheduledThreadPoolExecutor$ScheduledFutureTask.access$301(ScheduledThreadPoolExecutor.java:180)
  java.util.concurrent.ScheduledThreadPoolExecutor$ScheduledFutureTask.run(ScheduledThreadPoolExecutor.java:294)
  java.util.concurrent.ThreadPoolExecutor.runWorker(ThreadPoolExecutor.java:1149)
  java.util.concurrent.ThreadPoolExecutor$Worker.run(ThreadPoolExecutor.java:624)
  java.lang.Thread.run(Thread.java:748)
Caused by: java.io.FileNotFoundException: \Users\corfixen\netbeans_site\updates.xml (Den angivne sti blev ikke fundet)
  java.io.FileInputStream.open0(Native Method)
  java.io.FileInputStream.open(FileInputStream.java:195)
  java.io.FileInputStream.&lt;init&gt;(FileInputStream.java:138)
  java.io.FileInputStream.&lt;init&gt;(FileInputStream.java:93)
  sun.net.www.protocol.file.FileURLConnection.connect(FileURLConnection.java:90)
  sun.net.www.protocol.file.FileURLConnection.getInputStream(FileURLConnection.java:188)
  org.netbeans.modules.autoupdate.updateprovider.NetworkAccess$Task$2.call(NetworkAccess.java:180)
  org.netbeans.modules.autoupdate.updateprovider.NetworkAccess$Task$2.call(NetworkAccess.java:150)
  java.util.concurrent.FutureTask.run(FutureTask.java:266)
  ... 3 more

[org.netbeans.modules.autoupdate.silentupdate] THREAD: pool-1-thread-1 MSG: A problem caught while refreshing Update Centers, cause: 
java.io.IOException: \Users\corfixen\netbeans_site\updates.xml (Den angivne sti blev ikke fundet)
  org.netbeans.modules.autoupdate.updateprovider.DownloadListener.notifyException(DownloadListener.java:103)
  org.netbeans.modules.autoupdate.updateprovider.AutoupdateCatalogCache.copy(AutoupdateCatalogCache.java:246)
  org.netbeans.modules.autoupdate.updateprovider.AutoupdateCatalogCache.writeCatalogToCache(AutoupdateCatalogCache.java:99)
  org.netbeans.modules.autoupdate.updateprovider.AutoupdateCatalogProvider.refresh(AutoupdateCatalogProvider.java:154)
  org.netbeans.modules.autoupdate.services.UpdateUnitProviderImpl.refresh(UpdateUnitProviderImpl.java:180)
  org.netbeans.api.autoupdate.UpdateUnitProvider.refresh(UpdateUnitProvider.java:196)
  org.netbeans.modules.autoupdate.silentupdate.UpdateHandler.refreshSilentUpdateProvider(UpdateHandler.java:236)
  org.netbeans.modules.autoupdate.silentupdate.UpdateHandler.checkAndHandleUpdates(UpdateHandler.java:54)
  org.netbeans.modules.autoupdate.silentupdate.UpdateActivator$1.run(UpdateActivator.java:28)
  java.util.concurrent.Executors$RunnableAdapter.call(Executors.java:511)
  java.util.concurrent.FutureTask.runAndReset(FutureTask.java:308)
  java.util.concurrent.ScheduledThreadPoolExecutor$ScheduledFutureTask.access$301(ScheduledThreadPoolExecutor.java:180)
  java.util.concurrent.ScheduledThreadPoolExecutor$ScheduledFutureTask.run(ScheduledThreadPoolExecutor.java:294)
  java.util.concurrent.ThreadPoolExecutor.runWorker(ThreadPoolExecutor.java:1149)
  java.util.concurrent.ThreadPoolExecutor$Worker.run(ThreadPoolExecutor.java:624)
  java.lang.Thread.run(Thread.java:748)
Caused by: java.io.FileNotFoundException: \Users\corfixen\netbeans_site\updates.xml (Den angivne sti blev ikke fundet)
  java.io.FileInputStream.open0(Native Method)
  java.io.FileInputStream.open(FileInputStream.java:195)
  java.io.FileInputStream.&lt;init&gt;(FileInputStream.java:138)
  java.io.FileInputStream.&lt;init&gt;(FileInputStream.java:93)
  sun.net.www.protocol.file.FileURLConnection.connect(FileURLConnection.java:90)
  sun.net.www.protocol.file.FileURLConnection.getInputStream(FileURLConnection.java:188)
  org.netbeans.modules.autoupdate.updateprovider.NetworkAccess$Task$2.call(NetworkAccess.java:180)
  org.netbeans.modules.autoupdate.updateprovider.NetworkAccess$Task$2.call(NetworkAccess.java:150)
  java.util.concurrent.FutureTask.run(FutureTask.java:266)
  ... 3 more


	at org.netbeans.junit.internal.NbModuleLogHandler.checkFailures(NbModuleLogHandler.java:218)
	at org.netbeans.junit.internal.NbModuleLogHandler$FailOnException.run(NbModuleLogHandler.java:240)
	at junit.framework.TestSuite.runTest(TestSuite.java:252)
	at junit.framework.TestSuite.run(TestSuite.java:247)
	at org.netbeans.junit.NbModuleSuite$S.runInRuntimeContainer(NbModuleSuite.java:949)
	at org.netbeans.junit.NbModuleSuite$S.access$100(NbModuleSuite.java:670)
	at org.netbeans.junit.NbModuleSuite$S$1.protect(NbModuleSuite.java:691)
	at junit.framework.TestResult.runProtected(TestResult.java:142)
	at org.netbeans.junit.NbModuleSuite$S.run(NbModuleSuite.java:687)
	at org.junit.internal.runners.JUnit38ClassRunner.run(JUnit38ClassRunner.java:86)
	at org.apache.maven.surefire.junit4.JUnit4Provider.execute(JUnit4Provider.java:252)
	at org.apache.maven.surefire.junit4.JUnit4Provider.executeTestSet(JUnit4Provider.java:141)
	at org.apache.maven.surefire.junit4.JUnit4Provider.invoke(JUnit4Provider.java:112)
	at sun.reflect.NativeMethodAccessorImpl.invoke0(Native Method)
	at sun.reflect.NativeMethodAccessorImpl.invoke(NativeMethodAccessorImpl.java:62)
	at sun.reflect.DelegatingMethodAccessorImpl.invoke(DelegatingMethodAccessorImpl.java:43)
	at java.lang.reflect.Method.invoke(Method.java:498)
	at org.apache.maven.surefire.util.ReflectionUtils.invokeMethodWithArray(ReflectionUtils.java:189)
	at org.apache.maven.surefire.booter.ProviderFactory$ProviderProxy.invoke(ProviderFactory.java:165)
	at org.apache.maven.surefire.booter.ProviderFactory.invokeProvider(ProviderFactory.java:85)
	at org.apache.maven.surefire.booter.ForkedBooter.runSuitesInProcess(ForkedBooter.java:113)
	at org.apache.maven.surefire.booter.ForkedBooter.main(ForkedBooter.java:75)
</failure>
  </testcase>
</testsuite>